Fri May 18 2018 04:49:04 GMT-0700 (PDT): GET /findByDates/2017-05-14&2019-05-16
Fri May 18 2018 04:49:52 GMT-0700 (PDT): GET /findByDates/2017-05-14&2019-05-16
Fri May 18 2018 04:50:10 GMT-0700 (PDT): GET /findByDates/2017-05-14&2019-05-16
Fri May 18 2018 05:09:25 GMT-0700 (PDT): GET /node_modules/chart.js/dist/Chart.bundle.min.js
Fri May 18 2018 05:09:26 GMT-0700 (PDT): GET /node_modules/chart.js/dist/Chart.bundle.min.js
Fri May 18 2018 05:09:35 GMT-0700 (PDT): GET /node_modules/chart.js/dist/Chart.bundle.min.js
Fri May 18 2018 05:09:35 GMT-0700 (PDT): GET /node_modules/chart.js/dist/Chart.bundle.min.js
Fri May 18 2018 05:10:17 GMT-0700 (PDT): GET /node_modules/chart.js/dist/Chart.bundle.min.js
Fri May 18 2018 05:10:17 GMT-0700 (PDT): GET /node_modules/chart.js/dist/Chart.bundle.min.js
Fri May 18 2018 12:34:51 GMT-0700 (PDT): GET /findByDate/2018-05-17
Fri May 18 2018 12:35:32 GMT-0700 (PDT): GET /findByDates/2018-05-10&2018-05-20
Fri May 18 2018 12:39:18 GMT-0700 (PDT): GET /findByDates/2018-05-10&2018-05-20
Fri May 18 2018 12:41:25 GMT-0700 (PDT): GET /findByDates/2018-05-10&2018-05-20
Fri May 18 2018 12:45:01 GMT-0700 (PDT): GET /findByDates/2018-05-10&2018-05-20
Fri May 18 2018 12:47:12 GMT-0700 (PDT): GET /findByDates/2018-05-10&2018-05-20
Fri May 18 2018 12:53:44 GMT-0700 (PDT): GET /findByDates/2018-05-10&2018-05-20
Fri May 18 2018 12:56:14 GMT-0700 (PDT): GET /findByDates/2018-05-10&2018-05-18
Fri May 18 2018 12:56:16 GMT-0700 (PDT): GET /findByDates/2018-05-10&2018-05-18
Fri May 18 2018 12:57:37 GMT-0700 (PDT): GET /findByDates/2018-05-10&2018-05-18
Fri May 18 2018 12:58:13 GMT-0700 (PDT): GET /findByDates/2018-05-10&2018-05-18
Fri May 18 2018 13:02:26 GMT-0700 (PDT): GET /findByDates/2018-05-10&2018-05-18
Fri May 18 2018 13:03:57 GMT-0700 (PDT): GET /findByDates/2018-05-10&2018-05-18
Fri May 18 2018 13:04:45 GMT-0700 (PDT): GET /findByDates/2018-05-10&2018-05-18
Fri May 18 2018 13:06:50 GMT-0700 (PDT): GET /findByDates/2018-05-10&2018-05-18
Fri May 18 2018 13:07:39 GMT-0700 (PDT): GET /findByDates/2018-05-10&2018-05-18
Fri May 18 2018 13:09:20 GMT-0700 (PDT): GET /findByDates/2018-05-10&2018-05-18
Fri May 18 2018 13:09:22 GMT-0700 (PDT): GET /findByDates/2018-05-10&2018-05-18
Fri May 18 2018 13:09:26 GMT-0700 (PDT): GET /findByDates/2018-05-10&2018-05-18
Fri May 18 2018 13:10:21 GMT-0700 (PDT): GET /findByDates/2018-05-10&2018-05-18
Fri May 18 2018 13:33:25 GMT-0700 (PDT): GET /findByDates/2018-05-10&2018-05-18
Fri May 18 2018 13:33:26 GMT-0700 (PDT): GET /findByDates/2018-05-10&2018-05-18
Fri May 18 2018 13:33:29 GMT-0700 (PDT): GET /findByDates/2018-05-10&2018-05-18
Fri May 18 2018 13:33:36 GMT-0700 (PDT): GET /findByDates/2018-05-10&2018-05-18
Fri May 18 2018 13:34:10 GMT-0700 (PDT): GET /findByDates/2018-05-10&2018-05-18
Fri May 18 2018 13:34:11 GMT-0700 (PDT): GET /findByDates/2018-05-10&2018-05-18
Fri May 18 2018 13:35:11 GMT-0700 (PDT): GET /findByDates/2018-05-10&2018-05-18
Fri May 18 2018 13:35:32 GMT-0700 (PDT): GET /findByDates/2018-05-10&2018-05-18
Fri May 18 2018 13:36:50 GMT-0700 (PDT): GET /findByDates/2018-05-10&2018-05-18
Fri May 18 2018 13:37:08 GMT-0700 (PDT): GET /findByDates/2018-05-10&2018-05-18
Fri May 18 2018 13:37:13 GMT-0700 (PDT): GET /findByDates/2018-05-10&2018-05-18
Fri May 18 2018 13:37:14 GMT-0700 (PDT): GET /findByDates/2018-05-10&2018-05-18
Fri May 18 2018 13:37:27 GMT-0700 (PDT): GET /findByDates/2018-05-10&2018-05-18
Fri May 18 2018 13:40:20 GMT-0700 (PDT): GET /findByDates/2018-05-10&2018-05-18
Fri May 18 2018 13:40:25 GMT-0700 (PDT): GET /findByDates/2018-05-10&2018-05-18
Fri May 18 2018 13:40:49 GMT-0700 (PDT): GET /findByDates/2018-05-10&2018-05-18
Fri May 18 2018 13:41:03 GMT-0700 (PDT): GET /findByDates/2018-05-10&2018-05-18
Fri May 18 2018 13:41:14 GMT-0700 (PDT): GET /findByDates/2018-05-10&2018-05-18
Fri May 18 2018 13:42:23 GMT-0700 (PDT): GET /findByDates/2018-05-10&2018-05-18
Fri May 18 2018 13:42:40 GMT-0700 (PDT): GET /findByDates/2018-05-10&2018-05-18
Fri May 18 2018 13:43:33 GMT-0700 (PDT): GET /findByDates/2018-05-10&2018-05-18
Fri May 18 2018 13:45:44 GMT-0700 (PDT): GET /findByDates/2018-05-10&2018-05-18
Fri May 18 2018 13:46:02 GMT-0700 (PDT): GET /findByDates/2018-05-10&2018-05-18
Fri May 18 2018 13:50:07 GMT-0700 (PDT): GET /findByDates/2018-05-10&2018-05-18
Fri May 18 2018 13:51:25 GMT-0700 (PDT): GET /findByDates/2018-05-10&2018-05-18
Fri May 18 2018 13:51:27 GMT-0700 (PDT): GET /findByDates/2018-05-10&2018-05-18
Fri May 18 2018 13:51:29 GMT-0700 (PDT): GET /findByDates/2018-05-10&2018-05-18
Fri May 18 2018 13:53:43 GMT-0700 (PDT): GET /findByDates/2018-05-10&2018-05-18
Fri May 18 2018 13:54:14 GMT-0700 (PDT): GET /findByDates/2018-05-10&2018-05-18
Fri May 18 2018 13:54:16 GMT-0700 (PDT): GET /findByDates/2018-05-10&2018-05-18
Fri May 18 2018 13:54:23 GMT-0700 (PDT): GET /findByDates/2018-05-10&2018-05-18
Fri May 18 2018 13:55:28 GMT-0700 (PDT): GET /findByDates/2018-05-10&2018-05-18
Fri May 18 2018 13:56:00 GMT-0700 (PDT): GET /findByDates/2018-05-10&2018-05-18
Fri May 18 2018 13:57:36 GMT-0700 (PDT): GET /findByDates/2018-05-10&2018-05-18
Fri May 18 2018 13:57:44 GMT-0700 (PDT): GET /findByDates/2018-05-10&2018-05-18
Fri May 18 2018 13:58:43 GMT-0700 (PDT): GET /findByDates/2018-05-10&2018-05-18
Fri May 18 2018 13:58:55 GMT-0700 (PDT): GET /findByDates/2018-05-10&2018-05-18
Fri May 18 2018 13:59:46 GMT-0700 (PDT): GET /findByDates/2018-05-10&2018-05-18
Fri May 18 2018 13:59:59 GMT-0700 (PDT): GET /findByDates/2018-05-10&2018-05-18
Fri May 18 2018 14:01:22 GMT-0700 (PDT): GET /findByDates/2018-05-10&2018-05-18
Fri May 18 2018 14:02:28 GMT-0700 (PDT): GET /findByDates/2018-05-10&2018-05-18
Fri May 18 2018 14:02:30 GMT-0700 (PDT): GET /findByDates/2018-05-10&2018-05-18
Fri May 18 2018 14:03:06 GMT-0700 (PDT): GET /findByDates/2018-05-10&2018-05-18
Fri May 18 2018 14:03:06 GMT-0700 (PDT): GET /findByDates/2018-05-10&2018-05-18
Fri May 18 2018 14:03:33 GMT-0700 (PDT): GET /findByDates/2018-05-10&2018-05-18
Fri May 18 2018 14:03:44 GMT-0700 (PDT): GET /findByDates/2018-05-10&2018-05-18
Fri May 18 2018 14:05:12 GMT-0700 (PDT): GET /findByDates/2018-05-10&2018-05-18
Fri May 18 2018 14:09:11 GMT-0700 (PDT): GET /findByDate/2018-05-18
Fri May 18 2018 14:11:00 GMT-0700 (PDT): GET /findByDate/2018-05-18
Fri May 18 2018 14:12:20 GMT-0700 (PDT): GET /findByDate/2018-05-18
Fri May 18 2018 14:13:37 GMT-0700 (PDT): GET /findByDate/2018-05-18
Fri May 18 2018 14:13:37 GMT-0700 (PDT): GET /findByDates/2018-05-10&2018-05-18
Fri May 18 2018 14:13:54 GMT-0700 (PDT): GET /findByDate/2018-05-18
Fri May 18 2018 14:13:55 GMT-0700 (PDT): GET /findByDates/2018-05-10&2018-05-18
Fri May 18 2018 14:14:10 GMT-0700 (PDT): GET /findByDate/2018-05-18
Fri May 18 2018 14:14:10 GMT-0700 (PDT): GET /findByDates/2018-05-10&2018-05-18
Fri May 18 2018 14:14:37 GMT-0700 (PDT): GET /findByDate/2018-05-18
Fri May 18 2018 14:14:37 GMT-0700 (PDT): GET /findByDates/2018-05-10&2018-05-18
Fri May 18 2018 14:18:48 GMT-0700 (PDT): GET /findByDate/2018-05-18
Fri May 18 2018 14:18:48 GMT-0700 (PDT): GET /findByDates/2018-05-10&2018-05-18
Fri May 18 2018 14:19:50 GMT-0700 (PDT): GET /findByDate/2018-05-18
Fri May 18 2018 14:19:50 GMT-0700 (PDT): GET /findByDates/2018-05-10&2018-05-18
Fri May 18 2018 14:20:56 GMT-0700 (PDT): GET /findByDate/2018-05-18
Fri May 18 2018 14:20:56 GMT-0700 (PDT): GET /findByDates/2018-05-10&2018-05-18
Fri May 18 2018 14:22:07 GMT-0700 (PDT): GET /findByDate/2018-05-18
Fri May 18 2018 14:22:07 GMT-0700 (PDT): GET /findByDates/2018-05-10&2018-05-18
Fri May 18 2018 14:24:23 GMT-0700 (PDT): GET /findByDate/2018-05-18
Fri May 18 2018 14:24:39 GMT-0700 (PDT): GET /findByDate/2018-05-18
Fri May 18 2018 14:25:06 GMT-0700 (PDT): GET /findByDate/2018-05-18
Fri May 18 2018 14:25:06 GMT-0700 (PDT): GET /findByDates/2018-05-10&2018-05-18
Fri May 18 2018 14:25:39 GMT-0700 (PDT): GET /findByDate/2018-05-18
Fri May 18 2018 14:25:39 GMT-0700 (PDT): GET /findByDates/2018-05-10&2018-05-18
Fri May 18 2018 14:30:17 GMT-0700 (PDT): GET /findByDate/2018-05-18
Fri May 18 2018 14:30:17 GMT-0700 (PDT): GET /findByDates/2018-05-10&2018-05-18
Fri May 18 2018 14:31:00 GMT-0700 (PDT): GET /findByDate/2018-05-18
Fri May 18 2018 14:31:00 GMT-0700 (PDT): GET /findByDates/2018-05-10&2018-05-18
Fri May 18 2018 14:35:00 GMT-0700 (PDT): GET /findByDate/2018-05-18
Fri May 18 2018 14:35:00 GMT-0700 (PDT): GET /findByDates/2018-05-10&2018-05-18
Fri May 18 2018 14:35:00 GMT-0700 (PDT): GET /findByDate/2018-05-17
Fri May 18 2018 14:36:59 GMT-0700 (PDT): GET /findByDate/2018-05-18
Fri May 18 2018 14:36:59 GMT-0700 (PDT): GET /findByDates/2018-05-10&2018-05-18
Fri May 18 2018 14:36:59 GMT-0700 (PDT): GET /findByDate/2018-05-17
Fri May 18 2018 14:38:05 GMT-0700 (PDT): GET /findByDate/2018-05-18
Fri May 18 2018 14:38:05 GMT-0700 (PDT): GET /findByDates/2018-05-10&2018-05-18
Fri May 18 2018 14:38:05 GMT-0700 (PDT): GET /findByDate/2018-05-17
Fri May 18 2018 14:38:42 GMT-0700 (PDT): GET /findByDate/2018-05-18
Fri May 18 2018 14:38:42 GMT-0700 (PDT): GET /findByDates/2018-05-10&2018-05-18
Fri May 18 2018 14:38:42 GMT-0700 (PDT): GET /findByDate/2018-05-17
Fri May 18 2018 14:42:06 GMT-0700 (PDT): GET /findByDate/2018-05-18
Fri May 18 2018 14:42:07 GMT-0700 (PDT): GET /findByDates/2018-05-10&2018-05-18
Fri May 18 2018 14:42:07 GMT-0700 (PDT): GET /findByDate/2018-05-17
Fri May 18 2018 16:29:21 GMT-0700 (PDT): GET /findByDate/2018-05-28/ip
Fri May 18 2018 16:31:45 GMT-0700 (PDT): GET /findByDate/2018-05-28/ip
Fri May 18 2018 16:40:18 GMT-0700 (PDT): GET /findByDate/2018-05-28/ip
Fri May 18 2018 16:41:02 GMT-0700 (PDT): GET /findByDate/2018-05-28/ip
Fri May 18 2018 16:41:18 GMT-0700 (PDT): GET /findByDate/2018-05-28/ip
Fri May 18 2018 16:41:50 GMT-0700 (PDT): GET /findByDate/2018-05-28/ip
Fri May 18 2018 16:42:06 GMT-0700 (PDT): GET /findByDate/2018-05-28/ip
Fri May 18 2018 16:43:05 GMT-0700 (PDT): GET /findByDate/2018-05-28/ip
Fri May 18 2018 16:43:13 GMT-0700 (PDT): GET /findByDate/2018-05-16/ip
Fri May 18 2018 16:52:25 GMT-0700 (PDT): GET /findByDate/2018-05-16/ip
Fri May 18 2018 16:54:09 GMT-0700 (PDT): GET /findByDate/2018-05-16/status
Fri May 18 2018 17:03:50 GMT-0700 (PDT): GET /findByDates/2017-05-14&2019-05-16/ip
Fri May 18 2018 17:04:29 GMT-0700 (PDT): GET /findByDates/2017-05-14&2019-05-16/ip
Fri May 18 2018 17:04:40 GMT-0700 (PDT): GET /findByDates/2017-05-14&2019-05-16
Fri May 18 2018 17:05:36 GMT-0700 (PDT): GET /findByDates/2017-05-14&2019-05-16/ip
Fri May 18 2018 17:06:21 GMT-0700 (PDT): GET /findByDate/2017-05-16/ip
Fri May 18 2018 17:06:26 GMT-0700 (PDT): GET /findByDate/2018-05-16/ip
Fri May 18 2018 17:06:26 GMT-0700 (PDT): GET /findByDate/2018-05-16/ip
Fri May 18 2018 17:09:06 GMT-0700 (PDT): GET /findByDate/2018-05-17/ip
Fri May 18 2018 17:17:46 GMT-0700 (PDT): GET /findByDates/2017-05-14&2019-05-16
Fri May 18 2018 17:18:54 GMT-0700 (PDT): GET /findByDate/2018-05-18/ip
Fri May 18 2018 17:18:54 GMT-0700 (PDT): GET /findByDates/2018-05-10&2018-05-18
Fri May 18 2018 17:19:10 GMT-0700 (PDT): GET /findByDate/2018-05-18/ip
Fri May 18 2018 17:19:10 GMT-0700 (PDT): GET /findByDates/2018-05-10&2018-05-18
Fri May 18 2018 17:21:00 GMT-0700 (PDT): GET /findByDate/2018-05-18/ip
Fri May 18 2018 17:21:00 GMT-0700 (PDT): GET /findByDates/2018-05-10&2018-05-18
Fri May 18 2018 17:23:21 GMT-0700 (PDT): GET /findByDate/2018-05-18/ip
Fri May 18 2018 17:23:21 GMT-0700 (PDT): GET /findByDates/2018-05-10&2018-05-18
Fri May 18 2018 17:29:58 GMT-0700 (PDT): GET /findByDate/2018-05-18/ip
Fri May 18 2018 17:29:58 GMT-0700 (PDT): GET /findByDates/2018-05-10&2018-05-18
Fri May 18 2018 17:32:56 GMT-0700 (PDT): GET /findByDate/2018-05-18/ip
Fri May 18 2018 17:32:56 GMT-0700 (PDT): GET /findByDates/2018-05-10&2018-05-18
Fri May 18 2018 17:34:20 GMT-0700 (PDT): GET /findByDate/2018-05-18/ip
Fri May 18 2018 17:34:20 GMT-0700 (PDT): GET /findByDates/2018-05-10&2018-05-18
Fri May 18 2018 17:35:05 GMT-0700 (PDT): GET /findByDate/2018-05-18/ip
Fri May 18 2018 17:35:05 GMT-0700 (PDT): GET /findByDates/2018-05-10&2018-05-18
Fri May 18 2018 17:35:12 GMT-0700 (PDT): GET /findByDate/2018-05-18/ip
Fri May 18 2018 17:35:12 GMT-0700 (PDT): GET /findByDates/2018-05-10&2018-05-18
Fri May 18 2018 17:35:14 GMT-0700 (PDT): GET /findByDate/2018-05-18/ip
Fri May 18 2018 17:35:14 GMT-0700 (PDT): GET /findByDates/2018-05-10&2018-05-18
Fri May 18 2018 17:36:04 GMT-0700 (PDT): GET /findByDate/2018-05-18/ip
Fri May 18 2018 17:36:04 GMT-0700 (PDT): GET /findByDates/2018-05-10&2018-05-18
Fri May 18 2018 17:36:11 GMT-0700 (PDT): GET /findByDate/2018-05-18/ip
Fri May 18 2018 17:36:11 GMT-0700 (PDT): GET /findByDates/2018-05-10&2018-05-18
Fri May 18 2018 17:38:48 GMT-0700 (PDT): GET /findByDate/2018-05-18/ip
Fri May 18 2018 17:38:48 GMT-0700 (PDT): GET /findByDates/2018-05-10&2018-05-18
Fri May 18 2018 17:39:51 GMT-0700 (PDT): GET /findByDate/2018-05-18/ip
Fri May 18 2018 17:39:51 GMT-0700 (PDT): GET /findByDates/2018-05-10&2018-05-18
Fri May 18 2018 17:41:03 GMT-0700 (PDT): GET /findByDate/2018-05-18/ip
Fri May 18 2018 17:41:03 GMT-0700 (PDT): GET /findByDates/2018-05-10&2018-05-18
Fri May 18 2018 17:42:13 GMT-0700 (PDT): GET /findByDate/2018-05-18/ip
Fri May 18 2018 17:42:13 GMT-0700 (PDT): GET /findByDates/2018-05-10&2018-05-18
Fri May 18 2018 17:42:19 GMT-0700 (PDT): GET /findByDate/2018-05-18/ip
Fri May 18 2018 17:42:19 GMT-0700 (PDT): GET /findByDates/2018-05-10&2018-05-18
Fri May 18 2018 17:44:59 GMT-0700 (PDT): GET /findByDate/2018-05-18/ip
Fri May 18 2018 17:44:59 GMT-0700 (PDT): GET /findByDates/2018-05-10&2018-05-18
Fri May 18 2018 17:48:51 GMT-0700 (PDT): GET /findByDate/2018-05-18/ip
Fri May 18 2018 17:48:51 GMT-0700 (PDT): GET /findByDates/2018-05-10&2018-05-18
Fri May 18 2018 17:49:52 GMT-0700 (PDT): GET /findByDate/2018-05-18/ip
Fri May 18 2018 17:49:52 GMT-0700 (PDT): GET /findByDates/2018-05-10&2018-05-18
Fri May 18 2018 17:50:03 GMT-0700 (PDT): GET /findByDate/2018-05-18/ip
Fri May 18 2018 17:50:03 GMT-0700 (PDT): GET /findByDates/2018-05-10&2018-05-18
Fri May 18 2018 17:54:10 GMT-0700 (PDT): GET /findByDate/2018-05-18/ip
Fri May 18 2018 17:54:10 GMT-0700 (PDT): GET /findByDates/2018-05-10&2018-05-18
Fri May 18 2018 17:55:15 GMT-0700 (PDT): GET /findByDate/2018-05-18/ip
Fri May 18 2018 17:55:15 GMT-0700 (PDT): GET /findByDates/2018-05-10&2018-05-18
Fri May 18 2018 18:06:40 GMT-0700 (PDT): GET /findByDate/2018-05-18/ip
Fri May 18 2018 18:06:40 GMT-0700 (PDT): GET /findByDates/2018-05-10&2018-05-18
Fri May 18 2018 18:17:12 GMT-0700 (PDT): GET /findByDate/2018-05-18/ip
Fri May 18 2018 18:17:33 GMT-0700 (PDT): GET /findByDate/2018-05-18/ip
Fri May 18 2018 18:18:19 GMT-0700 (PDT): GET /findByDate/2018-05-18/ip
Fri May 18 2018 18:18:32 GMT-0700 (PDT): GET /findByDate/2018-05-18/ip
Fri May 18 2018 18:18:54 GMT-0700 (PDT): GET /findByDate/2018-05-18/ip
Fri May 18 2018 18:19:03 GMT-0700 (PDT): GET /findByDate/2018-05-18/ip
Fri May 18 2018 18:21:51 GMT-0700 (PDT): GET /findByDate/2018-05-18/ip
Fri May 18 2018 18:22:12 GMT-0700 (PDT): GET /findByDate/2018-05-18/ip
Fri May 18 2018 18:22:20 GMT-0700 (PDT): GET /findByDate/2018-05-18/ip
Fri May 18 2018 18:22:55 GMT-0700 (PDT): GET /findByDate/2018-05-18/ip
Fri May 18 2018 18:23:00 GMT-0700 (PDT): GET /findByDate/2018-05-18/ip
Fri May 18 2018 18:25:42 GMT-0700 (PDT): GET /findByDate/2018-05-18/ip
Fri May 18 2018 18:25:59 GMT-0700 (PDT): GET /findByDate/2018-05-18/ip
Fri May 18 2018 18:27:51 GMT-0700 (PDT): GET /findByDate/2018-05-18/ip
Fri May 18 2018 18:28:10 GMT-0700 (PDT): GET /findByDate/2018-05-18/ip
Fri May 18 2018 18:28:28 GMT-0700 (PDT): GET /findByDate/2018-05-18/ip
Fri May 18 2018 18:28:52 GMT-0700 (PDT): GET /findByDate/2018-05-18/ip
Fri May 18 2018 18:31:43 GMT-0700 (PDT): GET /findByDate/2018-05-18/ip
Fri May 18 2018 18:32:12 GMT-0700 (PDT): GET /findByDate/2018-05-18/ip
Fri May 18 2018 18:36:36 GMT-0700 (PDT): GET /findByDate/2018-05-18/ip
Fri May 18 2018 18:36:36 GMT-0700 (PDT): GET /findByDates/2018-05-10&2018-05-18
Fri May 18 2018 18:36:59 GMT-0700 (PDT): GET /findByDate/2018-05-18/ip
Fri May 18 2018 18:36:59 GMT-0700 (PDT): GET /findByDates/2018-05-10&2018-05-18
Fri May 18 2018 18:38:06 GMT-0700 (PDT): GET /findByDate/2018-05-18/ip
Fri May 18 2018 18:38:06 GMT-0700 (PDT): GET /findByDates/2018-05-10&2018-05-18
Fri May 18 2018 18:56:37 GMT-0700 (PDT): GET /findByDate/2018-05-18/ip
Fri May 18 2018 18:56:37 GMT-0700 (PDT): GET /findByDates/2018-05-10&2018-05-18
Fri May 18 2018 19:00:38 GMT-0700 (PDT): GET /findByDate/2018-05-18/ip
Fri May 18 2018 19:00:38 GMT-0700 (PDT): GET /findByDates/2018-05-10&2018-05-18
Fri May 18 2018 19:00:40 GMT-0700 (PDT): GET /findByDate/2018-05-18/status
Fri May 18 2018 19:00:44 GMT-0700 (PDT): GET /findByDate/2018-05-18/ip
Fri May 18 2018 19:00:45 GMT-0700 (PDT): GET /findByDate/2018-05-18/status
Fri May 18 2018 19:00:52 GMT-0700 (PDT): GET /findByDate/2018-05-18/ip
Fri May 18 2018 19:00:53 GMT-0700 (PDT): GET /findByDate/2018-05-18/status
Fri May 18 2018 19:02:16 GMT-0700 (PDT): GET /findByDate/2018-05-18/ip
Fri May 18 2018 19:02:16 GMT-0700 (PDT): GET /findByDates/2018-05-10&2018-05-18
Fri May 18 2018 19:02:18 GMT-0700 (PDT): GET /findByDate/2018-05-18/status
Fri May 18 2018 19:05:47 GMT-0700 (PDT): GET /findByDate/2018-05-18/ip
Fri May 18 2018 19:05:47 GMT-0700 (PDT): GET /findByDates/2018-05-10&2018-05-18
Fri May 18 2018 19:05:50 GMT-0700 (PDT): GET /findByDate/2018-05-18/status
Fri May 18 2018 19:06:22 GMT-0700 (PDT): GET /findByDate/2018-05-18/ip
Fri May 18 2018 19:06:22 GMT-0700 (PDT): GET /findByDates/2018-05-10&2018-05-18
Fri May 18 2018 19:06:24 GMT-0700 (PDT): GET /findByDate/2018-05-18/status
Fri May 18 2018 19:08:47 GMT-0700 (PDT): GET /findByDate/2018-05-18/ip
Fri May 18 2018 19:08:47 GMT-0700 (PDT): GET /findByDates/2018-05-10&2018-05-18
Fri May 18 2018 19:09:27 GMT-0700 (PDT): GET /findByDate/2018-05-18/ip
Fri May 18 2018 19:09:27 GMT-0700 (PDT): GET /findByDates/2018-05-10&2018-05-18
Fri May 18 2018 19:09:29 GMT-0700 (PDT): GET /findByDate/2018-05-18/status
Fri May 18 2018 19:09:31 GMT-0700 (PDT): GET /findByDate/2018-05-18/ip
Fri May 18 2018 19:09:32 GMT-0700 (PDT): GET /findByDate/2018-05-18/status
Fri May 18 2018 19:09:58 GMT-0700 (PDT): GET /findByDate/2018-05-18/ip
Fri May 18 2018 19:09:58 GMT-0700 (PDT): GET /findByDates/2018-05-10&2018-05-18
Fri May 18 2018 19:10:00 GMT-0700 (PDT): GET /findByDate/2018-05-18/status
Fri May 18 2018 19:11:10 GMT-0700 (PDT): GET /findByDate/2018-05-18/ip
Fri May 18 2018 19:11:10 GMT-0700 (PDT): GET /findByDates/2018-05-10&2018-05-18
Fri May 18 2018 19:11:11 GMT-0700 (PDT): GET /findByDate/2018-05-18/status
Fri May 18 2018 19:11:15 GMT-0700 (PDT): GET /findByDate/2018-05-18/ip
Fri May 18 2018 19:11:16 GMT-0700 (PDT): GET /findByDate/2018-05-18/status
Fri May 18 2018 19:11:17 GMT-0700 (PDT): GET /findByDate/2018-05-18/ip
Fri May 18 2018 19:11:41 GMT-0700 (PDT): GET /findByDate/2018-05-18/ip
Fri May 18 2018 19:11:41 GMT-0700 (PDT): GET /findByDates/2018-05-10&2018-05-18
Fri May 18 2018 19:11:43 GMT-0700 (PDT): GET /findByDate/2018-05-18/status
Fri May 18 2018 19:11:44 GMT-0700 (PDT): GET /findByDate/2018-05-18/ip
Fri May 18 2018 19:11:44 GMT-0700 (PDT): GET /findByDate/2018-05-18/status
Fri May 18 2018 19:11:45 GMT-0700 (PDT): GET /findByDate/2018-05-18/ip
Fri May 18 2018 19:11:45 GMT-0700 (PDT): GET /findByDate/2018-05-18/status
Fri May 18 2018 19:11:46 GMT-0700 (PDT): GET /findByDate/2018-05-18/ip
Fri May 18 2018 19:11:46 GMT-0700 (PDT): GET /findByDate/2018-05-18/status
Fri May 18 2018 19:11:47 GMT-0700 (PDT): GET /findByDate/2018-05-18/ip
Fri May 18 2018 19:11:47 GMT-0700 (PDT): GET /findByDate/2018-05-18/status
Fri May 18 2018 19:11:47 GMT-0700 (PDT): GET /findByDate/2018-05-18/ip
Fri May 18 2018 19:11:57 GMT-0700 (PDT): GET /findByDate/2018-05-18/ip
Fri May 18 2018 19:11:57 GMT-0700 (PDT): GET /findByDates/2018-05-10&2018-05-18
Fri May 18 2018 19:11:58 GMT-0700 (PDT): GET /findByDate/2018-05-18/status
Fri May 18 2018 19:11:59 GMT-0700 (PDT): GET /findByDate/2018-05-18/ip
Fri May 18 2018 19:12:00 GMT-0700 (PDT): GET /findByDate/2018-05-18/status
Fri May 18 2018 19:12:00 GMT-0700 (PDT): GET /findByDate/2018-05-18/ip
Fri May 18 2018 19:12:01 GMT-0700 (PDT): GET /findByDate/2018-05-18/status
Fri May 18 2018 19:57:43 GMT-0700 (PDT): GET /findByDate/2018-05-18/ip
Fri May 18 2018 19:57:44 GMT-0700 (PDT): GET /findByDate/2018-05-18/status
Fri May 18 2018 19:57:44 GMT-0700 (PDT): GET /findByDate/2018-05-18/ip
Fri May 18 2018 19:57:45 GMT-0700 (PDT): GET /findByDate/2018-05-18/status
Fri May 18 2018 19:59:12 GMT-0700 (PDT): GET /findByDate/2018-05-18/ip
Fri May 18 2018 19:59:14 GMT-0700 (PDT): GET /findByDate/2018-05-18/status
Fri May 18 2018 19:59:15 GMT-0700 (PDT): GET /findByDate/2018-05-18/ip
Fri May 18 2018 19:59:15 GMT-0700 (PDT): GET /findByDate/2018-05-18/status
Fri May 18 2018 20:00:38 GMT-0700 (PDT): GET /findByDate/2018-05-18/ip
Fri May 18 2018 20:00:38 GMT-0700 (PDT): GET /findByDates/2018-05-11&2018-05-18
Fri May 18 2018 20:02:26 GMT-0700 (PDT): GET /findByDate/2018-05-18/status
Fri May 18 2018 20:02:31 GMT-0700 (PDT): GET /findByDate/2018-05-18/ip
Fri May 18 2018 20:20:34 GMT-0700 (PDT): GET /findByDate/2018-05-18/ip
Fri May 18 2018 20:20:34 GMT-0700 (PDT): GET /findByDates/2018-05-11&2018-05-18
Fri May 18 2018 20:21:07 GMT-0700 (PDT): GET /findByDate/2018-05-18/ip
Fri May 18 2018 20:21:07 GMT-0700 (PDT): GET /findByDates/2018-05-11&2018-05-18
Fri May 18 2018 20:21:20 GMT-0700 (PDT): GET /findByDate/2018-05-18/ip
Fri May 18 2018 20:21:20 GMT-0700 (PDT): GET /findByDates/2018-05-11&2018-05-18
Fri May 18 2018 20:21:43 GMT-0700 (PDT): GET /findByDate/2018-05-18/ip
Fri May 18 2018 20:21:43 GMT-0700 (PDT): GET /findByDates/2018-05-11&2018-05-18
Fri May 18 2018 20:21:59 GMT-0700 (PDT): GET /findByDate/2018-05-18/ip
Fri May 18 2018 20:21:59 GMT-0700 (PDT): GET /findByDates/2018-05-11&2018-05-18
Fri May 18 2018 20:22:30 GMT-0700 (PDT): GET /findByDate/2018-05-18/ip
Fri May 18 2018 20:22:30 GMT-0700 (PDT): GET /findByDates/2018-05-11&2018-05-18
Fri May 18 2018 20:23:37 GMT-0700 (PDT): GET /findByDate/2018-05-18/ip
Fri May 18 2018 20:23:37 GMT-0700 (PDT): GET /findByDates/2018-05-11&2018-05-18
Fri May 18 2018 20:24:43 GMT-0700 (PDT): GET /findByDate/2018-05-18/ip
Fri May 18 2018 20:24:43 GMT-0700 (PDT): GET /findByDates/2018-05-11&2018-05-18
Fri May 18 2018 20:25:52 GMT-0700 (PDT): GET /findByDate/2018-05-18/ip
Fri May 18 2018 20:25:52 GMT-0700 (PDT): GET /findByDates/2018-05-11&2018-05-18
Fri May 18 2018 20:41:38 GMT-0700 (PDT): GET /findByDate/2018-05-18/ip
Fri May 18 2018 20:41:38 GMT-0700 (PDT): GET /findByDates/2018-05-11&2018-05-18
Fri May 18 2018 20:41:53 GMT-0700 (PDT): GET /findByDate/2018-05-18/ip
Fri May 18 2018 20:41:53 GMT-0700 (PDT): GET /findByDates/2018-05-11&2018-05-18
Fri May 18 2018 20:42:02 GMT-0700 (PDT): GET /findByDate/2018-05-18/ip
Fri May 18 2018 20:42:02 GMT-0700 (PDT): GET /findByDates/2018-05-11&2018-05-18
Fri May 18 2018 20:42:34 GMT-0700 (PDT): GET /findByDate/2018-05-18/ip
Fri May 18 2018 20:42:34 GMT-0700 (PDT): GET /findByDates/2018-05-11&2018-05-18
Fri May 18 2018 20:42:57 GMT-0700 (PDT): GET /findByDate/2018-05-18/ip
Fri May 18 2018 20:42:57 GMT-0700 (PDT): GET /findByDates/2018-05-11&2018-05-18
Fri May 18 2018 20:43:16 GMT-0700 (PDT): GET /findByDate/2018-05-18/ip
Fri May 18 2018 20:43:16 GMT-0700 (PDT): GET /findByDates/2018-05-11&2018-05-18
Fri May 18 2018 20:43:26 GMT-0700 (PDT): GET /findByDate/2018-05-18/ip
Fri May 18 2018 20:43:26 GMT-0700 (PDT): GET /findByDates/2018-05-11&2018-05-18
Fri May 18 2018 20:45:28 GMT-0700 (PDT): GET /findByDate/2018-05-18/ip
Fri May 18 2018 20:45:28 GMT-0700 (PDT): GET /findByDates/2018-05-11&2018-05-18
Fri May 18 2018 20:45:35 GMT-0700 (PDT): GET /findByDate/2018-05-18/ip
Fri May 18 2018 20:45:35 GMT-0700 (PDT): GET /findByDates/2018-05-11&2018-05-18
Fri May 18 2018 20:45:48 GMT-0700 (PDT): GET /findByDate/2018-05-18/ip
Fri May 18 2018 20:45:48 GMT-0700 (PDT): GET /findByDates/2018-05-11&2018-05-18
Fri May 18 2018 20:46:22 GMT-0700 (PDT): GET /findByDate/2018-05-18/ip
Fri May 18 2018 20:46:22 GMT-0700 (PDT): GET /findByDates/2018-05-11&2018-05-18
Fri May 18 2018 20:47:09 GMT-0700 (PDT): GET /findByDate/2018-05-18/ip
Fri May 18 2018 20:47:09 GMT-0700 (PDT): GET /findByDates/2018-05-11&2018-05-18
Fri May 18 2018 20:49:13 GMT-0700 (PDT): GET /findByDate/2018-05-18/ip
Fri May 18 2018 20:49:13 GMT-0700 (PDT): GET /findByDates/2018-05-11&2018-05-18
Fri May 18 2018 20:52:23 GMT-0700 (PDT): GET /findByDate/2018-05-18/ip
Fri May 18 2018 20:52:23 GMT-0700 (PDT): GET /findByDates/2018-05-11&2018-05-18
Fri May 18 2018 20:52:23 GMT-0700 (PDT): GET /findByDate/2018-05-18/ip
Fri May 18 2018 20:52:23 GMT-0700 (PDT): GET /findByDates/2018-05-11&2018-05-18
Fri May 18 2018 20:53:52 GMT-0700 (PDT): GET /findByDate/2018-05-18/ip
Fri May 18 2018 20:53:52 GMT-0700 (PDT): GET /findByDates/2018-05-11&2018-05-18
Fri May 18 2018 21:53:38 GMT-0700 (PDT): GET /findByDate/2018-05-18/ip
Fri May 18 2018 21:53:38 GMT-0700 (PDT): GET /findByDates/2018-05-11&2018-05-18
Fri May 18 2018 21:53:39 GMT-0700 (PDT): GET /favicon.ico
Fri May 18 2018 21:56:37 GMT-0700 (PDT): GET /findByDate/2018-05-18/ip
Fri May 18 2018 21:56:37 GMT-0700 (PDT): GET /findByDates/2018-05-11&2018-05-18
Fri May 18 2018 21:56:37 GMT-0700 (PDT): GET /favicon.ico
Fri May 18 2018 21:57:09 GMT-0700 (PDT): GET /findByDate/2018-05-18/ip
Fri May 18 2018 21:57:09 GMT-0700 (PDT): GET /findByDates/2018-05-11&2018-05-18
Fri May 18 2018 22:02:10 GMT-0700 (PDT): GET /findByDate/2018-05-18/ip
Fri May 18 2018 22:02:10 GMT-0700 (PDT): GET /findByDates/2018-05-11&2018-05-18
Fri May 18 2018 22:03:46 GMT-0700 (PDT): GET /findByDate/2018-05-18/ip
Fri May 18 2018 22:03:46 GMT-0700 (PDT): GET /findByDates/2018-05-11&2018-05-18
Fri May 18 2018 22:03:46 GMT-0700 (PDT): GET /favicon.ico
Fri May 18 2018 22:04:04 GMT-0700 (PDT): GET /findByDate/2018-05-18/ip
Fri May 18 2018 22:04:04 GMT-0700 (PDT): GET /findByDates/2018-05-11&2018-05-18
Fri May 18 2018 22:05:40 GMT-0700 (PDT): GET /findByDate/2018-05-18/ip
Fri May 18 2018 22:05:40 GMT-0700 (PDT): GET /findByDates/2018-05-11&2018-05-18
Fri May 18 2018 22:05:40 GMT-0700 (PDT): GET /favicon.ico
Fri May 18 2018 22:06:22 GMT-0700 (PDT): GET /findByDate/2018-05-18/ip
Fri May 18 2018 22:06:22 GMT-0700 (PDT): GET /findByDates/2018-05-11&2018-05-18
Fri May 18 2018 22:06:54 GMT-0700 (PDT): GET /findByDate/2018-05-18/ip
Fri May 18 2018 22:06:55 GMT-0700 (PDT): GET /findByDates/2018-05-11&2018-05-18
Fri May 18 2018 22:09:21 GMT-0700 (PDT): GET /findByDate/2018-05-18/ip
Fri May 18 2018 22:09:21 GMT-0700 (PDT): GET /findByDates/2018-05-11&2018-05-18
Fri May 18 2018 22:10:05 GMT-0700 (PDT): GET /findByDate/2018-05-18/ip
Fri May 18 2018 22:10:05 GMT-0700 (PDT): GET /findByDates/2018-05-11&2018-05-18
Fri May 18 2018 22:11:14 GMT-0700 (PDT): GET /findByDate/2018-05-18/ip
Fri May 18 2018 22:11:14 GMT-0700 (PDT): GET /findByDates/2018-05-11&2018-05-18
Fri May 18 2018 22:11:17 GMT-0700 (PDT): GET /findByDate/2018-05-18/ip
Fri May 18 2018 22:11:17 GMT-0700 (PDT): GET /findByDates/2018-05-11&2018-05-18
Fri May 18 2018 22:11:43 GMT-0700 (PDT): GET /findByDate/2018-05-18/ip
Fri May 18 2018 22:11:43 GMT-0700 (PDT): GET /findByDates/2018-05-11&2018-05-18
Fri May 18 2018 22:37:49 GMT-0700 (PDT): GET /findByDate/2018-05-18/ip
Fri May 18 2018 22:37:49 GMT-0700 (PDT): GET /findByDates/2018-05-11&2018-05-18
Fri May 18 2018 22:37:49 GMT-0700 (PDT): GET /favicon.ico
Fri May 18 2018 22:37:53 GMT-0700 (PDT): GET /findByDate/2018-05-18/ip
Fri May 18 2018 22:37:53 GMT-0700 (PDT): GET /findByDates/2018-05-11&2018-05-18
Fri May 18 2018 22:37:53 GMT-0700 (PDT): GET /favicon.ico
Fri May 18 2018 22:38:58 GMT-0700 (PDT): GET /findByDate/2018-05-18/ip
Fri May 18 2018 22:38:58 GMT-0700 (PDT): GET /findByDates/2018-05-11&2018-05-18
Fri May 18 2018 22:38:58 GMT-0700 (PDT): GET /favicon.ico
Fri May 18 2018 22:40:01 GMT-0700 (PDT): GET /findByDate/2018-05-18/ip
Fri May 18 2018 22:40:01 GMT-0700 (PDT): GET /findByDates/2018-05-11&2018-05-18
Fri May 18 2018 22:40:26 GMT-0700 (PDT): GET /findByDate/2018-05-18/ip
Fri May 18 2018 22:40:26 GMT-0700 (PDT): GET /findByDates/2018-05-11&2018-05-18
Fri May 18 2018 22:41:29 GMT-0700 (PDT): GET /findByDate/2018-05-18/ip
Fri May 18 2018 22:41:29 GMT-0700 (PDT): GET /findByDates/2018-05-11&2018-05-18
Fri May 18 2018 22:41:32 GMT-0700 (PDT): GET /findByDate/2018-05-18/ip
Fri May 18 2018 22:41:32 GMT-0700 (PDT): GET /findByDates/2018-05-11&2018-05-18
Fri May 18 2018 22:41:52 GMT-0700 (PDT): GET /findByDate/2018-05-18/ip
Fri May 18 2018 22:41:52 GMT-0700 (PDT): GET /findByDates/2018-05-11&2018-05-18
Fri May 18 2018 22:42:07 GMT-0700 (PDT): GET /findByDate/2018-05-18/ip
Fri May 18 2018 22:42:07 GMT-0700 (PDT): GET /findByDates/2018-05-11&2018-05-18
Fri May 18 2018 22:42:42 GMT-0700 (PDT): GET /findByDate/2018-05-18/ip
Fri May 18 2018 22:42:42 GMT-0700 (PDT): GET /findByDates/2018-05-11&2018-05-18
Fri May 18 2018 22:43:40 GMT-0700 (PDT): GET /findByDate/2018-05-18/ip
Fri May 18 2018 22:43:40 GMT-0700 (PDT): GET /findByDates/2018-05-11&2018-05-18
Fri May 18 2018 22:44:31 GMT-0700 (PDT): GET /findByDate/2018-05-18/ip
Fri May 18 2018 22:44:31 GMT-0700 (PDT): GET /findByDates/2018-05-11&2018-05-18
Fri May 18 2018 22:44:46 GMT-0700 (PDT): GET /findByDate/2018-05-18/ip
Fri May 18 2018 22:44:46 GMT-0700 (PDT): GET /findByDates/2018-05-11&2018-05-18
Fri May 18 2018 22:45:23 GMT-0700 (PDT): GET /findByDate/2018-05-18/ip
Fri May 18 2018 22:45:23 GMT-0700 (PDT): GET /findByDates/2018-05-11&2018-05-18
Fri May 18 2018 22:46:15 GMT-0700 (PDT): GET /findByDate/2018-05-18/ip
Fri May 18 2018 22:46:15 GMT-0700 (PDT): GET /findByDates/2018-05-11&2018-05-18
Fri May 18 2018 22:46:41 GMT-0700 (PDT): GET /findByDate/2018-05-18/status
Fri May 18 2018 22:46:42 GMT-0700 (PDT): GET /findByDate/2018-05-18/ip
Fri May 18 2018 22:47:23 GMT-0700 (PDT): GET /findByDate/2018-05-18/ip
Fri May 18 2018 22:47:23 GMT-0700 (PDT): GET /findByDates/2018-05-11&2018-05-18
Fri May 18 2018 22:49:07 GMT-0700 (PDT): GET /findByDate/2018-05-18/ip
Fri May 18 2018 22:49:07 GMT-0700 (PDT): GET /findByDates/2018-05-11&2018-05-18
Fri May 18 2018 22:49:45 GMT-0700 (PDT): GET /findByDate/2018-05-18/ip
Fri May 18 2018 22:49:45 GMT-0700 (PDT): GET /findByDates/2018-05-11&2018-05-18
Fri May 18 2018 22:50:07 GMT-0700 (PDT): GET /findByDate/2018-05-18/status
Fri May 18 2018 22:50:08 GMT-0700 (PDT): GET /findByDate/2018-05-18/ip
Fri May 18 2018 22:50:09 GMT-0700 (PDT): GET /findByDate/2018-05-18/status
Fri May 18 2018 22:50:11 GMT-0700 (PDT): GET /findByDate/2018-05-18/ip
Fri May 18 2018 22:50:13 GMT-0700 (PDT): GET /findByDate/2018-05-18/status
Fri May 18 2018 22:50:14 GMT-0700 (PDT): GET /findByDate/2018-05-18/ip
Fri May 18 2018 22:51:27 GMT-0700 (PDT): GET /findByDate/2018-05-18/ip
Fri May 18 2018 22:51:27 GMT-0700 (PDT): GET /findByDates/2018-05-11&2018-05-18
Fri May 18 2018 22:51:32 GMT-0700 (PDT): GET /findByDate/2018-05-18/ip
Fri May 18 2018 22:51:32 GMT-0700 (PDT): GET /findByDates/2018-05-11&2018-05-18
Fri May 18 2018 22:53:08 GMT-0700 (PDT): GET /findByDate/2018-05-18/ip
Fri May 18 2018 22:53:08 GMT-0700 (PDT): GET /findByDates/2018-05-11&2018-05-18
Fri May 18 2018 22:54:20 GMT-0700 (PDT): GET /findByDate/2018-05-18/ip
Fri May 18 2018 22:54:20 GMT-0700 (PDT): GET /findByDates/2018-05-11&2018-05-18
Fri May 18 2018 22:55:01 GMT-0700 (PDT): GET /findByDate/2018-05-18/ip
Fri May 18 2018 22:55:01 GMT-0700 (PDT): GET /findByDates/2018-05-11&2018-05-18
Fri May 18 2018 22:55:50 GMT-0700 (PDT): GET /findByDate/2018-05-18/ip
Fri May 18 2018 22:55:50 GMT-0700 (PDT): GET /findByDates/2018-05-11&2018-05-18
Fri May 18 2018 22:56:56 GMT-0700 (PDT): GET /findByDate/2018-05-18/ip
Fri May 18 2018 22:56:56 GMT-0700 (PDT): GET /findByDates/2018-05-11&2018-05-18
Fri May 18 2018 22:58:06 GMT-0700 (PDT): GET /findByDate/2018-05-18/ip
Fri May 18 2018 22:58:06 GMT-0700 (PDT): GET /findByDates/2018-05-11&2018-05-18
Fri May 18 2018 23:01:08 GMT-0700 (PDT): GET /findByDate/2018-05-18/ip
Fri May 18 2018 23:01:08 GMT-0700 (PDT): GET /findByDates/2018-05-11&2018-05-18
Sat May 19 2018 08:02:54 GMT-0700 (PDT): GET /findByDate/2018-05-14
Sun May 20 2018 03:46:57 GMT-0700 (PDT): GET /findByIP/123.456.789
Sun May 20 2018 03:48:16 GMT-0700 (PDT): GET /findByIP/54.215.254.26
Sun May 20 2018 03:48:32 GMT-0700 (PDT): GET /findByIP/54.215.254.26
Sun May 20 2018 03:49:16 GMT-0700 (PDT): GET /findByIP/54.215.254.26
Sun May 20 2018 03:49:49 GMT-0700 (PDT): GET /findByIP/54.215.254.26
Sun May 20 2018 03:50:34 GMT-0700 (PDT): GET /findByIP/54.215.254.26
Sun May 20 2018 03:51:37 GMT-0700 (PDT): GET /findByIP/54.215.254.26
Sun May 20 2018 03:52:57 GMT-0700 (PDT): GET /findByIP/54.215.254.26
Sun May 20 2018 05:17:44 GMT-0700 (PDT): GET /findByIP/66.249
Sun May 20 2018 05:19:18 GMT-0700 (PDT): GET /findByIP/66.249
Sun May 20 2018 05:20:45 GMT-0700 (PDT): GET /findByIP/54.215.254.26
Sun May 20 2018 05:20:45 GMT-0700 (PDT): GET /findByIP/185.92.73.106
Sun May 20 2018 05:20:45 GMT-0700 (PDT): GET /findByIP/54.215.254.26&185.92.73.106
Sun May 20 2018 05:22:03 GMT-0700 (PDT): GET /findByIP/54.215.254.26
Sun May 20 2018 05:22:03 GMT-0700 (PDT): GET /findByIP/185.92.73.106
Sun May 20 2018 05:22:03 GMT-0700 (PDT): GET /findByIP/54.215.254.26&185.92.73.106
Sun May 20 2018 05:22:03 GMT-0700 (PDT): GET /findByIP/12345678990
Sun May 20 2018 05:22:27 GMT-0700 (PDT): GET /findByIP/54.215.254.26
Sun May 20 2018 05:22:27 GMT-0700 (PDT): GET /findByIP/185.92.73.106
Sun May 20 2018 05:22:27 GMT-0700 (PDT): GET /findByIP/54.215.254.26&185.92.73.106
Sun May 20 2018 05:22:27 GMT-0700 (PDT): GET /findByIP/12345678990
Sun May 20 2018 05:29:14 GMT-0700 (PDT): GET /findByIP/54.215.254.26
Sun May 20 2018 05:29:14 GMT-0700 (PDT): GET /findByIP/185.92.73.106
Sun May 20 2018 05:29:14 GMT-0700 (PDT): GET /findByIP/54.215.254.26&185.92.73.106
Sun May 20 2018 05:29:14 GMT-0700 (PDT): GET /findByIP/12345678990
Sun May 20 2018 05:29:14 GMT-0700 (PDT): GET /findByDate/2019-05-15
Sun May 20 2018 05:30:12 GMT-0700 (PDT): GET /findByIP/54.215.254.26
Sun May 20 2018 05:30:12 GMT-0700 (PDT): GET /findByIP/185.92.73.106
Sun May 20 2018 05:30:12 GMT-0700 (PDT): GET /findByIP/54.215.254.26&185.92.73.106
Sun May 20 2018 05:30:12 GMT-0700 (PDT): GET /findByIP/12345678990
Sun May 20 2018 05:30:12 GMT-0700 (PDT): GET /findByDate/2019-05-15
Sun May 20 2018 05:35:36 GMT-0700 (PDT): GET /findByIP/54.215.254.26
Sun May 20 2018 05:35:36 GMT-0700 (PDT): GET /findByIP/185.92.73.106
Sun May 20 2018 05:35:36 GMT-0700 (PDT): GET /findByIP/54.215.254.26&185.92.73.106
Sun May 20 2018 05:35:36 GMT-0700 (PDT): GET /findByIP/12345678990
Sun May 20 2018 05:35:36 GMT-0700 (PDT): GET /findByDate/2019-05-15
Sun May 20 2018 05:35:36 GMT-0700 (PDT): GET /findByDate/2018-05-15/status
Sun May 20 2018 05:35:57 GMT-0700 (PDT): GET /findByIP/54.215.254.26
Sun May 20 2018 05:35:57 GMT-0700 (PDT): GET /findByIP/185.92.73.106
Sun May 20 2018 05:35:57 GMT-0700 (PDT): GET /findByIP/54.215.254.26&185.92.73.106
Sun May 20 2018 05:35:57 GMT-0700 (PDT): GET /findByIP/12345678990
Sun May 20 2018 05:35:57 GMT-0700 (PDT): GET /findByDate/2019-05-15
Sun May 20 2018 05:35:57 GMT-0700 (PDT): GET /findByDate/2018-05-15/status
Sun May 20 2018 17:45:31 GMT-0700 (PDT): GET /findByIP/54.215.254.26
Sun May 20 2018 17:45:31 GMT-0700 (PDT): GET /findByIP/185.92.73.106
Sun May 20 2018 17:45:31 GMT-0700 (PDT): GET /findByIP/54.215.254.26&185.92.73.106
Sun May 20 2018 17:45:31 GMT-0700 (PDT): GET /findByIP/12345678990
Sun May 20 2018 17:45:31 GMT-0700 (PDT): GET /findByDate/2019-05-15
Sun May 20 2018 17:45:31 GMT-0700 (PDT): GET /findByDate/2018-05-15/status
Sun May 20 2018 17:46:21 GMT-0700 (PDT): GET /findByIP/54.215.254.26
Sun May 20 2018 17:46:21 GMT-0700 (PDT): GET /findByIP/185.92.73.106
Sun May 20 2018 17:46:21 GMT-0700 (PDT): GET /findByIP/54.215.254.26&185.92.73.106
Sun May 20 2018 17:46:21 GMT-0700 (PDT): GET /findByIP/12345678990
Sun May 20 2018 17:46:21 GMT-0700 (PDT): GET /findByDate/2019-05-15
Sun May 20 2018 17:46:21 GMT-0700 (PDT): GET /findByDate/2018-05-15/status
Sun May 20 2018 17:46:37 GMT-0700 (PDT): GET /findByIP/54.215.254.26
Sun May 20 2018 17:46:37 GMT-0700 (PDT): GET /findByIP/185.92.73.106
Sun May 20 2018 17:46:37 GMT-0700 (PDT): GET /findByIP/54.215.254.26&185.92.73.106
Sun May 20 2018 17:46:37 GMT-0700 (PDT): GET /findByIP/12345678990
Sun May 20 2018 17:46:37 GMT-0700 (PDT): GET /findByDate/2019-05-15
Sun May 20 2018 17:46:37 GMT-0700 (PDT): GET /findByDate/2018-05-15/status
Sun May 20 2018 17:50:32 GMT-0700 (PDT): GET /findByIP/54.215.254.26
Sun May 20 2018 17:50:32 GMT-0700 (PDT): GET /findByIP/185.92.73.106
Sun May 20 2018 17:50:32 GMT-0700 (PDT): GET /findByIP/54.215.254.26&185.92.73.106
Sun May 20 2018 17:50:32 GMT-0700 (PDT): GET /findByIP/12345678990
Sun May 20 2018 17:50:32 GMT-0700 (PDT): GET /findByDate/2019-05-15
Sun May 20 2018 17:50:32 GMT-0700 (PDT): GET /findByDate/2018-05-15/status
Sun May 20 2018 17:50:32 GMT-0700 (PDT): GET /findByDate/2018-05-15&2018-05-16
Sun May 20 2018 17:53:58 GMT-0700 (PDT): GET /findByIP/54.215.254.26
Sun May 20 2018 17:53:58 GMT-0700 (PDT): GET /findByIP/185.92.73.106
Sun May 20 2018 17:53:58 GMT-0700 (PDT): GET /findByIP/54.215.254.26&185.92.73.106
Sun May 20 2018 17:53:58 GMT-0700 (PDT): GET /findByIP/12345678990
Sun May 20 2018 17:53:58 GMT-0700 (PDT): GET /findByDate/2019-05-15
Sun May 20 2018 17:53:58 GMT-0700 (PDT): GET /findByDate/2018-05-15/status
Sun May 20 2018 17:53:58 GMT-0700 (PDT): GET /findByDate/2018-05-15/ip
Sun May 20 2018 17:53:58 GMT-0700 (PDT): GET /findByDate/2018-05-15&2018-05-16
Sun May 20 2018 17:58:26 GMT-0700 (PDT): GET /findByIP/54.215.254.26
Sun May 20 2018 17:58:26 GMT-0700 (PDT): GET /findByIP/185.92.73.106
Sun May 20 2018 17:58:26 GMT-0700 (PDT): GET /findByIP/54.215.254.26&185.92.73.106
Sun May 20 2018 17:58:26 GMT-0700 (PDT): GET /findByIP/12345678990
Sun May 20 2018 17:58:26 GMT-0700 (PDT): GET /findByDate/2019-05-15
Sun May 20 2018 17:58:26 GMT-0700 (PDT): GET /findByDate/2018-05-15/status
Sun May 20 2018 17:58:26 GMT-0700 (PDT): GET /findByDate/2018-05-15/ip
Sun May 20 2018 17:58:26 GMT-0700 (PDT): GET /findByDate/2018-05-15&2018-05-16
Sun May 20 2018 17:59:14 GMT-0700 (PDT): GET /findByIP/54.215.254.26
Sun May 20 2018 17:59:14 GMT-0700 (PDT): GET /findByIP/185.92.73.106
Sun May 20 2018 17:59:14 GMT-0700 (PDT): GET /findByIP/54.215.254.26&185.92.73.106
Sun May 20 2018 17:59:14 GMT-0700 (PDT): GET /findByIP/12345678990
Sun May 20 2018 17:59:14 GMT-0700 (PDT): GET /findByDate/2019-05-15
Sun May 20 2018 17:59:14 GMT-0700 (PDT): GET /findByDate/2018-05-15/status
Sun May 20 2018 17:59:14 GMT-0700 (PDT): GET /findByDate/2018-05-15/ip
Sun May 20 2018 17:59:14 GMT-0700 (PDT): GET /findByDate/2018-05-15&2018-05-16
Sun May 20 2018 17:59:50 GMT-0700 (PDT): GET /findByIP/54.215.254.26
Sun May 20 2018 17:59:50 GMT-0700 (PDT): GET /findByIP/185.92.73.106
Sun May 20 2018 17:59:50 GMT-0700 (PDT): GET /findByIP/54.215.254.26&185.92.73.106
Sun May 20 2018 17:59:50 GMT-0700 (PDT): GET /findByIP/12345678990
Sun May 20 2018 17:59:50 GMT-0700 (PDT): GET /findByDate/2019-05-15
Sun May 20 2018 17:59:50 GMT-0700 (PDT): GET /findByDate/2018-05-15/status
Sun May 20 2018 17:59:50 GMT-0700 (PDT): GET /findByDate/2018-05-15/ip
Sun May 20 2018 17:59:50 GMT-0700 (PDT): GET /findByDate/2018-05-15&2018-05-16
Sun May 20 2018 18:00:47 GMT-0700 (PDT): GET /findByIP/54.215.254.26
Sun May 20 2018 18:00:47 GMT-0700 (PDT): GET /findByIP/185.92.73.106
Sun May 20 2018 18:00:47 GMT-0700 (PDT): GET /findByIP/54.215.254.26&185.92.73.106
Sun May 20 2018 18:00:47 GMT-0700 (PDT): GET /findByIP/12345678990
Sun May 20 2018 18:00:47 GMT-0700 (PDT): GET /findByDate/2019-05-15
Sun May 20 2018 18:00:47 GMT-0700 (PDT): GET /findByDate/2018-05-15/status
Sun May 20 2018 18:00:47 GMT-0700 (PDT): GET /findByDate/2018-05-15/ip
Sun May 20 2018 18:00:47 GMT-0700 (PDT): GET /findByDate/2018-05-15&2018-05-16
Sun May 20 2018 18:03:31 GMT-0700 (PDT): GET /findByIP/54.215.254.26
Sun May 20 2018 18:03:31 GMT-0700 (PDT): GET /findByIP/185.92.73.106
Sun May 20 2018 18:03:31 GMT-0700 (PDT): GET /findByIP/54.215.254.26&185.92.73.106
Sun May 20 2018 18:03:31 GMT-0700 (PDT): GET /findByIP/12345678990
Sun May 20 2018 18:03:31 GMT-0700 (PDT): GET /findByDate/2019-05-15
Sun May 20 2018 18:03:32 GMT-0700 (PDT): GET /findByDate/2018-05-15/status
Sun May 20 2018 18:03:32 GMT-0700 (PDT): GET /findByDate/2018-05-15/ip
Sun May 20 2018 18:03:32 GMT-0700 (PDT): GET /findByDate/2018-05-15&2018-05-16
Sun May 20 2018 18:04:02 GMT-0700 (PDT): GET /findByIP/54.215.254.26
Sun May 20 2018 18:04:02 GMT-0700 (PDT): GET /findByIP/185.92.73.106
Sun May 20 2018 18:04:02 GMT-0700 (PDT): GET /findByIP/54.215.254.26&185.92.73.106
Sun May 20 2018 18:04:02 GMT-0700 (PDT): GET /findByIP/12345678990
Sun May 20 2018 18:04:02 GMT-0700 (PDT): GET /findByDate/2019-05-15
Sun May 20 2018 18:04:02 GMT-0700 (PDT): GET /findByDate/2018-05-15/status
Sun May 20 2018 18:04:02 GMT-0700 (PDT): GET /findByDate/2018-05-15/ip
Sun May 20 2018 18:04:02 GMT-0700 (PDT): GET /findByDate/2018-05-15&2018-05-16
Sun May 20 2018 18:04:22 GMT-0700 (PDT): GET /findByIP/54.215.254.26
Sun May 20 2018 18:04:22 GMT-0700 (PDT): GET /findByIP/185.92.73.106
Sun May 20 2018 18:04:22 GMT-0700 (PDT): GET /findByIP/54.215.254.26&185.92.73.106
Sun May 20 2018 18:04:22 GMT-0700 (PDT): GET /findByIP/12345678990
Sun May 20 2018 18:04:22 GMT-0700 (PDT): GET /findByDate/2019-05-15
Sun May 20 2018 18:04:22 GMT-0700 (PDT): GET /findByDate/2018-05-15/status
Sun May 20 2018 18:04:22 GMT-0700 (PDT): GET /findByDate/2018-05-15/ip
Sun May 20 2018 18:04:22 GMT-0700 (PDT): GET /findByDate/2018-05-15&2018-05-16
Sun May 20 2018 18:04:36 GMT-0700 (PDT): GET /findByIP/54.215.254.26
Sun May 20 2018 18:04:36 GMT-0700 (PDT): GET /findByIP/185.92.73.106
Sun May 20 2018 18:04:36 GMT-0700 (PDT): GET /findByIP/54.215.254.26&185.92.73.106
Sun May 20 2018 18:04:36 GMT-0700 (PDT): GET /findByIP/12345678990
Sun May 20 2018 18:04:36 GMT-0700 (PDT): GET /findByDate/2019-05-15
Sun May 20 2018 18:04:36 GMT-0700 (PDT): GET /findByDate/2018-05-15/status
Sun May 20 2018 18:04:36 GMT-0700 (PDT): GET /findByDate/2018-05-15/ip
Sun May 20 2018 18:04:36 GMT-0700 (PDT): GET /findByDate/2018-05-15&2018-05-16
Sun May 20 2018 18:06:13 GMT-0700 (PDT): GET /findByIP/54.215.254.26
Sun May 20 2018 18:06:13 GMT-0700 (PDT): GET /findByIP/185.92.73.106
Sun May 20 2018 18:06:13 GMT-0700 (PDT): GET /findByIP/54.215.254.26&185.92.73.106
Sun May 20 2018 18:06:13 GMT-0700 (PDT): GET /findByIP/12345678990
Sun May 20 2018 18:06:13 GMT-0700 (PDT): GET /findByDate/2019-05-15
Sun May 20 2018 18:06:13 GMT-0700 (PDT): GET /findByDate/2018-05-15/status
Sun May 20 2018 18:06:13 GMT-0700 (PDT): GET /findByDate/2018-05-15/ip
Sun May 20 2018 18:06:13 GMT-0700 (PDT): GET /findByDate/2018-05-15&2018-05-16
Sun May 20 2018 18:06:23 GMT-0700 (PDT): GET /findByIP/54.215.254.26
Sun May 20 2018 18:06:23 GMT-0700 (PDT): GET /findByIP/185.92.73.106
Sun May 20 2018 18:06:23 GMT-0700 (PDT): GET /findByIP/54.215.254.26&185.92.73.106
Sun May 20 2018 18:06:23 GMT-0700 (PDT): GET /findByIP/12345678990
Sun May 20 2018 18:06:23 GMT-0700 (PDT): GET /findByDate/2019-05-15
Sun May 20 2018 18:06:23 GMT-0700 (PDT): GET /findByDate/2018-05-15/status
Sun May 20 2018 18:06:23 GMT-0700 (PDT): GET /findByDate/2018-05-15/ip
Sun May 20 2018 18:06:23 GMT-0700 (PDT): GET /findByDate/2018-05-15&2018-05-16
Sun May 20 2018 18:07:20 GMT-0700 (PDT): GET /findByIP/54.215.254.26
Sun May 20 2018 18:07:20 GMT-0700 (PDT): GET /findByIP/185.92.73.106
Sun May 20 2018 18:07:20 GMT-0700 (PDT): GET /findByIP/54.215.254.26&185.92.73.106
Sun May 20 2018 18:07:20 GMT-0700 (PDT): GET /findByIP/12345678990
Sun May 20 2018 18:07:20 GMT-0700 (PDT): GET /findByDate/2019-05-15
Sun May 20 2018 18:07:20 GMT-0700 (PDT): GET /findByDate/2018-05-15/status
Sun May 20 2018 18:07:20 GMT-0700 (PDT): GET /findByDate/2018-05-15/ip
Sun May 20 2018 18:07:20 GMT-0700 (PDT): GET /findByDate/2018-05-15&2018-05-16
Sun May 20 2018 18:08:00 GMT-0700 (PDT): GET /findByIP/54.215.254.26
Sun May 20 2018 18:08:00 GMT-0700 (PDT): GET /findByIP/185.92.73.106
Sun May 20 2018 18:08:00 GMT-0700 (PDT): GET /findByIP/54.215.254.26&185.92.73.106
Sun May 20 2018 18:08:00 GMT-0700 (PDT): GET /findByIP/12345678990
Sun May 20 2018 18:08:00 GMT-0700 (PDT): GET /findByDate/2019-05-15
Sun May 20 2018 18:08:00 GMT-0700 (PDT): GET /findByDate/2018-05-15/status
Sun May 20 2018 18:08:00 GMT-0700 (PDT): GET /findByDate/2018-05-15/ip
Sun May 20 2018 18:08:02 GMT-0700 (PDT): GET /findByDate/2018-05-15&2018-05-16
Sun May 20 2018 18:08:30 GMT-0700 (PDT): GET /findByIP/54.215.254.26
Sun May 20 2018 18:08:30 GMT-0700 (PDT): GET /findByIP/185.92.73.106
Sun May 20 2018 18:08:30 GMT-0700 (PDT): GET /findByIP/54.215.254.26&185.92.73.106
Sun May 20 2018 18:08:30 GMT-0700 (PDT): GET /findByIP/12345678990
Sun May 20 2018 18:08:30 GMT-0700 (PDT): GET /findByDate/2019-05-15
Sun May 20 2018 18:08:30 GMT-0700 (PDT): GET /findByDate/2018-05-15/status
Sun May 20 2018 18:08:30 GMT-0700 (PDT): GET /findByDate/2018-05-15/ip
Sun May 20 2018 18:08:30 GMT-0700 (PDT): GET /findByDate/2018-05-15&2018-05-16
Sun May 20 2018 18:08:36 GMT-0700 (PDT): GET /findByIP/54.215.254.26
Sun May 20 2018 18:08:36 GMT-0700 (PDT): GET /findByIP/185.92.73.106
Sun May 20 2018 18:08:36 GMT-0700 (PDT): GET /findByIP/54.215.254.26&185.92.73.106
Sun May 20 2018 18:08:36 GMT-0700 (PDT): GET /findByIP/12345678990
Sun May 20 2018 18:08:36 GMT-0700 (PDT): GET /findByDate/2019-05-15
Sun May 20 2018 18:08:36 GMT-0700 (PDT): GET /findByDate/2018-05-15/status
Sun May 20 2018 18:08:36 GMT-0700 (PDT): GET /findByDate/2018-05-15/ip
Sun May 20 2018 18:08:36 GMT-0700 (PDT): GET /findByDate/2018-05-15&2018-05-16
Sun May 20 2018 18:08:48 GMT-0700 (PDT): GET /findByIP/54.215.254.26
Sun May 20 2018 18:08:48 GMT-0700 (PDT): GET /findByIP/185.92.73.106
Sun May 20 2018 18:08:48 GMT-0700 (PDT): GET /findByIP/54.215.254.26&185.92.73.106
Sun May 20 2018 18:08:48 GMT-0700 (PDT): GET /findByIP/12345678990
Sun May 20 2018 18:08:48 GMT-0700 (PDT): GET /findByDate/2019-05-15
Sun May 20 2018 18:08:48 GMT-0700 (PDT): GET /findByDate/2018-05-15/status
Sun May 20 2018 18:08:48 GMT-0700 (PDT): GET /findByDate/2018-05-15/ip
Sun May 20 2018 18:08:48 GMT-0700 (PDT): GET /findByDate/2018-05-15&2018-05-16
Sun May 20 2018 18:09:02 GMT-0700 (PDT): GET /findByIP/54.215.254.26
Sun May 20 2018 18:09:02 GMT-0700 (PDT): GET /findByIP/185.92.73.106
Sun May 20 2018 18:09:02 GMT-0700 (PDT): GET /findByIP/54.215.254.26&185.92.73.106
Sun May 20 2018 18:09:02 GMT-0700 (PDT): GET /findByIP/12345678990
Sun May 20 2018 18:09:02 GMT-0700 (PDT): GET /findByDate/2019-05-15
Sun May 20 2018 18:09:02 GMT-0700 (PDT): GET /findByDate/2018-05-15/status
Sun May 20 2018 18:09:02 GMT-0700 (PDT): GET /findByDate/2018-05-15/ip
Sun May 20 2018 18:09:02 GMT-0700 (PDT): GET /findByDate/2018-05-15&2018-05-16
Sun May 20 2018 18:09:24 GMT-0700 (PDT): GET /findByIP/54.215.254.26
Sun May 20 2018 18:09:24 GMT-0700 (PDT): GET /findByIP/185.92.73.106
Sun May 20 2018 18:09:24 GMT-0700 (PDT): GET /findByIP/54.215.254.26&185.92.73.106
Sun May 20 2018 18:09:24 GMT-0700 (PDT): GET /findByIP/12345678990
Sun May 20 2018 18:09:24 GMT-0700 (PDT): GET /findByDate/2019-05-15
Sun May 20 2018 18:09:24 GMT-0700 (PDT): GET /findByDate/2018-05-15/status
Sun May 20 2018 18:09:24 GMT-0700 (PDT): GET /findByDate/2018-05-15/ip
Sun May 20 2018 18:09:24 GMT-0700 (PDT): GET /findByDate/2018-05-15&2018-05-16
Sun May 20 2018 18:11:35 GMT-0700 (PDT): GET /findByIP/54.215.254.26
Sun May 20 2018 18:11:35 GMT-0700 (PDT): GET /findByIP/185.92.73.106
Sun May 20 2018 18:11:35 GMT-0700 (PDT): GET /findByIP/54.215.254.26&185.92.73.106
Sun May 20 2018 18:11:35 GMT-0700 (PDT): GET /findByIP/12345678990
Sun May 20 2018 18:11:35 GMT-0700 (PDT): GET /findByDate/2019-05-15
Sun May 20 2018 18:11:35 GMT-0700 (PDT): GET /findByDate/2018-05-15/status
Sun May 20 2018 18:11:35 GMT-0700 (PDT): GET /findByDate/2018-05-15/ip
Sun May 20 2018 18:11:35 GMT-0700 (PDT): GET /findByDate/2018-05-15&2018-05-16
Sun May 20 2018 18:12:05 GMT-0700 (PDT): GET /findByIP/54.215.254.26
Sun May 20 2018 18:12:05 GMT-0700 (PDT): GET /findByIP/185.92.73.106
Sun May 20 2018 18:12:05 GMT-0700 (PDT): GET /findByIP/54.215.254.26&185.92.73.106
Sun May 20 2018 18:12:05 GMT-0700 (PDT): GET /findByIP/12345678990
Sun May 20 2018 18:12:05 GMT-0700 (PDT): GET /findByDate/2019-05-15
Sun May 20 2018 18:12:05 GMT-0700 (PDT): GET /findByDate/2018-05-15/status
Sun May 20 2018 18:12:05 GMT-0700 (PDT): GET /findByDate/2018-05-15/ip
Sun May 20 2018 18:12:05 GMT-0700 (PDT): GET /findByDate/2018-05-15&2018-05-16
Sun May 20 2018 18:13:53 GMT-0700 (PDT): GET /findByIP/54.215.254.26
Sun May 20 2018 18:13:53 GMT-0700 (PDT): GET /findByIP/185.92.73.106
Sun May 20 2018 18:13:53 GMT-0700 (PDT): GET /findByIP/54.215.254.26&185.92.73.106
Sun May 20 2018 18:13:53 GMT-0700 (PDT): GET /findByIP/12345678990
Sun May 20 2018 18:13:53 GMT-0700 (PDT): GET /findByDate/2019-05-15
Sun May 20 2018 18:13:53 GMT-0700 (PDT): GET /findByDate/2018-05-15/status
Sun May 20 2018 18:13:53 GMT-0700 (PDT): GET /findByDate/2018-05-15/ip
Sun May 20 2018 18:13:53 GMT-0700 (PDT): GET /findByDate/2018-05-15&2018-05-16
Sun May 20 2018 18:14:36 GMT-0700 (PDT): GET /findByIP/54.215.254.26
Sun May 20 2018 18:14:36 GMT-0700 (PDT): GET /findByIP/185.92.73.106
Sun May 20 2018 18:14:36 GMT-0700 (PDT): GET /findByIP/54.215.254.26&185.92.73.106
Sun May 20 2018 18:14:36 GMT-0700 (PDT): GET /findByIP/12345678990
Sun May 20 2018 18:14:36 GMT-0700 (PDT): GET /findByDate/2019-05-15
Sun May 20 2018 18:14:36 GMT-0700 (PDT): GET /findByDate/2018-05-15/status
Sun May 20 2018 18:14:36 GMT-0700 (PDT): GET /findByDate/2018-05-15/ip
Sun May 20 2018 18:14:36 GMT-0700 (PDT): GET /findByDate/2018-05-15&2018-05-16
Sun May 20 2018 18:25:44 GMT-0700 (PDT): GET /findByIP/54.215.254.26
Sun May 20 2018 18:25:44 GMT-0700 (PDT): GET /findByIP/185.92.73.106
Sun May 20 2018 18:25:44 GMT-0700 (PDT): GET /findByIP/54.215.254.26&185.92.73.106
Sun May 20 2018 18:25:44 GMT-0700 (PDT): GET /findByIP/12345678990
Sun May 20 2018 18:25:44 GMT-0700 (PDT): GET /findByDate/2019-05-15
Sun May 20 2018 18:25:44 GMT-0700 (PDT): GET /findByDate/2018-05-15/status
Sun May 20 2018 18:25:44 GMT-0700 (PDT): GET /findByDate/2018-05-15/ip
Sun May 20 2018 18:25:44 GMT-0700 (PDT): GET /findByDate/2018-05-15&2018-05-16
Sun May 20 2018 18:25:53 GMT-0700 (PDT): GET /findByIP/54.215.254.26
Sun May 20 2018 18:25:53 GMT-0700 (PDT): GET /findByIP/185.92.73.106
Sun May 20 2018 18:25:53 GMT-0700 (PDT): GET /findByIP/54.215.254.26&185.92.73.106
Sun May 20 2018 18:25:53 GMT-0700 (PDT): GET /findByIP/12345678990
Sun May 20 2018 18:25:53 GMT-0700 (PDT): GET /findByDate/2019-05-15
Sun May 20 2018 18:25:53 GMT-0700 (PDT): GET /findByDate/2018-05-15/status
Sun May 20 2018 18:25:53 GMT-0700 (PDT): GET /findByDate/2018-05-15/ip
Sun May 20 2018 18:25:53 GMT-0700 (PDT): GET /findByDate/2018-05-15&2018-05-16
Sun May 20 2018 18:26:05 GMT-0700 (PDT): GET /findByIP/54.215.254.26
Sun May 20 2018 18:26:05 GMT-0700 (PDT): GET /findByIP/185.92.73.106
Sun May 20 2018 18:26:05 GMT-0700 (PDT): GET /findByIP/54.215.254.26&185.92.73.106
Sun May 20 2018 18:26:05 GMT-0700 (PDT): GET /findByIP/12345678990
Sun May 20 2018 18:26:05 GMT-0700 (PDT): GET /findByDate/2019-05-15
Sun May 20 2018 18:26:05 GMT-0700 (PDT): GET /findByDate/2018-05-15/status
Sun May 20 2018 18:26:05 GMT-0700 (PDT): GET /findByDate/2018-05-15/ip
Sun May 20 2018 18:26:05 GMT-0700 (PDT): GET /findByDate/2018-05-15&2018-05-16
Sun May 20 2018 18:26:16 GMT-0700 (PDT): GET /findByIP/54.215.254.26
Sun May 20 2018 18:26:16 GMT-0700 (PDT): GET /findByIP/185.92.73.106
Sun May 20 2018 18:26:16 GMT-0700 (PDT): GET /findByIP/54.215.254.26&185.92.73.106
Sun May 20 2018 18:26:16 GMT-0700 (PDT): GET /findByIP/12345678990
Sun May 20 2018 18:26:16 GMT-0700 (PDT): GET /findByDate/2019-05-15
Sun May 20 2018 18:26:16 GMT-0700 (PDT): GET /findByDate/2018-05-15/status
Sun May 20 2018 18:26:16 GMT-0700 (PDT): GET /findByDate/2018-05-15/ip
Sun May 20 2018 18:26:16 GMT-0700 (PDT): GET /findByDate/2018-05-15&2018-05-16
Sun May 20 2018 18:30:47 GMT-0700 (PDT): GET /findByIP/54.215.254.26
Sun May 20 2018 18:30:47 GMT-0700 (PDT): GET /findByIP/185.92.73.106
Sun May 20 2018 18:30:47 GMT-0700 (PDT): GET /findByIP/54.215.254.26&185.92.73.106
Sun May 20 2018 18:30:47 GMT-0700 (PDT): GET /findByIP/12345678990
Sun May 20 2018 18:30:48 GMT-0700 (PDT): GET /findByDate/2019-05-15
Sun May 20 2018 18:30:48 GMT-0700 (PDT): GET /findByDate/2018-05-15/status
Sun May 20 2018 18:30:48 GMT-0700 (PDT): GET /findByDate/2018-05-15/ip
Sun May 20 2018 18:30:48 GMT-0700 (PDT): GET /findByDate/2018-05-15&2018-05-16
Sun May 20 2018 18:31:15 GMT-0700 (PDT): GET /findByIP/54.215.254.26
Sun May 20 2018 18:31:15 GMT-0700 (PDT): GET /findByIP/185.92.73.106
Sun May 20 2018 18:31:15 GMT-0700 (PDT): GET /findByIP/54.215.254.26&185.92.73.106
Sun May 20 2018 18:31:15 GMT-0700 (PDT): GET /findByIP/12345678990
Sun May 20 2018 18:31:15 GMT-0700 (PDT): GET /findByDate/2019-05-15
Sun May 20 2018 18:31:15 GMT-0700 (PDT): GET /findByDate/2018-05-15/status
Sun May 20 2018 18:31:15 GMT-0700 (PDT): GET /findByDate/2018-05-15/ip
Sun May 20 2018 18:31:15 GMT-0700 (PDT): GET /findByDate/2018-05-15&2018-05-16
Sun May 20 2018 18:31:15 GMT-0700 (PDT): GET /findByDates/2018-01-01&2020-01-01
Sun May 20 2018 18:31:29 GMT-0700 (PDT): GET /findByIP/54.215.254.26
Sun May 20 2018 18:31:29 GMT-0700 (PDT): GET /findByIP/185.92.73.106
Sun May 20 2018 18:31:29 GMT-0700 (PDT): GET /findByIP/54.215.254.26&185.92.73.106
Sun May 20 2018 18:31:29 GMT-0700 (PDT): GET /findByIP/12345678990
Sun May 20 2018 18:31:29 GMT-0700 (PDT): GET /findByDate/2019-05-15
Sun May 20 2018 18:31:29 GMT-0700 (PDT): GET /findByDate/2018-05-15/status
Sun May 20 2018 18:31:29 GMT-0700 (PDT): GET /findByDate/2018-05-15/ip
Sun May 20 2018 18:31:29 GMT-0700 (PDT): GET /findByDate/2018-05-15&2018-05-16
Sun May 20 2018 18:31:29 GMT-0700 (PDT): GET /findByDates/2018-01-01&2020-01-01
Sun May 20 2018 18:32:37 GMT-0700 (PDT): GET /findByIP/54.215.254.26
Sun May 20 2018 18:32:37 GMT-0700 (PDT): GET /findByIP/185.92.73.106
Sun May 20 2018 18:32:37 GMT-0700 (PDT): GET /findByIP/54.215.254.26&185.92.73.106
Sun May 20 2018 18:32:37 GMT-0700 (PDT): GET /findByIP/12345678990
Sun May 20 2018 18:32:37 GMT-0700 (PDT): GET /findByDate/2019-05-15
Sun May 20 2018 18:32:37 GMT-0700 (PDT): GET /findByDate/2018-05-15/status
Sun May 20 2018 18:32:37 GMT-0700 (PDT): GET /findByDate/2018-05-15/ip
Sun May 20 2018 18:32:37 GMT-0700 (PDT): GET /findByDate/2018-05-15&2018-05-16
Sun May 20 2018 18:32:37 GMT-0700 (PDT): GET /findByDates/2018-01-01&2020-01-01
Sun May 20 2018 19:43:09 GMT-0700 (PDT): GET /findByIP/54.215.254.26
Sun May 20 2018 19:43:09 GMT-0700 (PDT): GET /findByIP/185.92.73.106
Sun May 20 2018 19:43:09 GMT-0700 (PDT): GET /findByIP/54.215.254.26&185.92.73.106
Sun May 20 2018 19:43:09 GMT-0700 (PDT): GET /findByIP/12345678990
Sun May 20 2018 19:43:09 GMT-0700 (PDT): GET /findByDate/2019-05-15
Sun May 20 2018 19:43:09 GMT-0700 (PDT): GET /findByDate/2018-05-15/status
Sun May 20 2018 19:43:09 GMT-0700 (PDT): GET /findByDate/2018-05-15/ip
Sun May 20 2018 19:43:09 GMT-0700 (PDT): GET /findByDate/2018-05-15&2018-05-16
Sun May 20 2018 19:43:09 GMT-0700 (PDT): GET /findByDates/2018-01-01&2020-01-01
Sun May 20 2018 19:43:09 GMT-0700 (PDT): GET /findByDates/2018-05-15&2018-05-16/status
Sun May 20 2018 19:43:09 GMT-0700 (PDT): GET /findByDate/2018-05-15&2018-05-16/ip
Sun May 20 2018 19:43:09 GMT-0700 (PDT): GET /findByDate/2018-05-15
Sun May 20 2018 19:43:30 GMT-0700 (PDT): GET /findByIP/54.215.254.26
Sun May 20 2018 19:43:30 GMT-0700 (PDT): GET /findByIP/185.92.73.106
Sun May 20 2018 19:43:30 GMT-0700 (PDT): GET /findByIP/54.215.254.26&185.92.73.106
Sun May 20 2018 19:43:30 GMT-0700 (PDT): GET /findByIP/12345678990
Sun May 20 2018 19:43:30 GMT-0700 (PDT): GET /findByDate/2019-05-15
Sun May 20 2018 19:43:30 GMT-0700 (PDT): GET /findByDate/2018-05-15/status
Sun May 20 2018 19:43:30 GMT-0700 (PDT): GET /findByDate/2018-05-15/ip
Sun May 20 2018 19:43:30 GMT-0700 (PDT): GET /findByDate/2018-05-15&2018-05-16
Sun May 20 2018 19:43:30 GMT-0700 (PDT): GET /findByDates/2018-01-01&2020-01-01
Sun May 20 2018 19:43:31 GMT-0700 (PDT): GET /findByDates/2018-05-15&2018-05-16/status
Sun May 20 2018 19:43:31 GMT-0700 (PDT): GET /findByDates/2018-05-15&2018-05-16/ip
Sun May 20 2018 19:43:31 GMT-0700 (PDT): GET /findByDates/2018-05-15
Sun May 20 2018 21:48:24 GMT-0700 (PDT): GET /findByIP/54.215.254.26
Sun May 20 2018 21:48:24 GMT-0700 (PDT): GET /findByIP/185.92.73.106
Sun May 20 2018 21:48:24 GMT-0700 (PDT): GET /findByIP/54.215.254.26&185.92.73.106
Sun May 20 2018 21:48:24 GMT-0700 (PDT): GET /findByIP/12345678990
Sun May 20 2018 21:48:24 GMT-0700 (PDT): GET /findByDate/2019-05-15
Sun May 20 2018 21:48:24 GMT-0700 (PDT): GET /findByDate/2018-05-15/status
Sun May 20 2018 21:48:24 GMT-0700 (PDT): GET /findByDate/2018-05-15/ip
Sun May 20 2018 21:48:24 GMT-0700 (PDT): GET /findByDate/2018-05-15&2018-05-16
Sun May 20 2018 21:48:24 GMT-0700 (PDT): GET /findByDates/2018-01-01&2020-01-01
Sun May 20 2018 21:48:24 GMT-0700 (PDT): GET /findByDates/2018-05-15&2018-05-16/status
Sun May 20 2018 21:48:24 GMT-0700 (PDT): GET /findByDates/2018-05-15&2018-05-16/ip
Sun May 20 2018 21:48:24 GMT-0700 (PDT): GET /findByDates/2018-05-15
Tue May 22 2018 17:01:27 GMT-0700 (PDT): GET /findByDate/2018-05-22/ip
Tue May 22 2018 17:02:04 GMT-0700 (PDT): GET /findByDate/2018-05-21/ip
Tue May 22 2018 17:02:23 GMT-0700 (PDT): GET /favicon.ico
Tue May 22 2018 17:02:49 GMT-0700 (PDT): GET /favicon.ico
Tue May 22 2018 17:11:22 GMT-0700 (PDT): GET /findByDate/2018-05-21/ip
Tue May 22 2018 17:12:11 GMT-0700 (PDT): GET /findByDate/2018-05-21/ip
Tue May 22 2018 17:57:19 GMT-0700 (PDT): GET /findByDate/2018-05-21/ip
Tue May 22 2018 17:59:01 GMT-0700 (PDT): GET /findByDate/2018-05-21/ip
Tue May 22 2018 17:59:20 GMT-0700 (PDT): GET /findByDate/2018-05-21/ip
Tue May 22 2018 18:04:37 GMT-0700 (PDT): GET /findByDate/2018-05-21/ip
Tue May 22 2018 18:04:51 GMT-0700 (PDT): GET /findByDate/2018-05-21/ip
Tue May 22 2018 20:40:45 GMT-0700 (PDT): GET /favicon.ico
Tue May 22 2018 21:16:04 GMT-0700 (PDT): GET /findByDate/2018-05-21/ip
Tue May 22 2018 21:16:23 GMT-0700 (PDT): GET /findByDate/2018-05-21/ip
Tue May 22 2018 21:16:53 GMT-0700 (PDT): GET /findByDate/2018-05-21/ip
Tue May 22 2018 21:21:55 GMT-0700 (PDT): GET /findByDate/2018-05-21/ip
Tue May 22 2018 22:35:44 GMT-0700 (PDT): GET /test
Tue May 22 2018 22:36:19 GMT-0700 (PDT): GET /test
Tue May 22 2018 22:36:48 GMT-0700 (PDT): GET /test
Tue May 22 2018 22:37:18 GMT-0700 (PDT): GET /test
Tue May 22 2018 22:39:20 GMT-0700 (PDT): GET /test
Tue May 22 2018 22:39:31 GMT-0700 (PDT): GET /test
Tue May 22 2018 22:39:37 GMT-0700 (PDT): GET /test
Tue May 22 2018 22:40:08 GMT-0700 (PDT): GET /test
Tue May 22 2018 23:06:47 GMT-0700 (PDT): GET /favicon.ico
